{"email":"xyz@gmail.com","level":"info","message":"LOGIN_SUCCESSFUL","timestamp":"2024-06-01T07:39:48.024Z"}
{"email":"xyz@gmail.com","level":"info","message":"LOGIN_SUCCESSFUL","timestamp":"2024-06-01T07:46:41.741Z"}
{"email":"xyzdd@gmail.com","level":"info","message":"USER_NOT_REGISTERED","timestamp":"2024-06-01T07:48:20.989Z"}
{"email":"xyz@gmail.com","level":"info","message":"EMAIL_PASSWORD_INCORRECT","timestamp":"2024-06-01T07:48:32.691Z"}
{"email":"xyz@gmail.com","level":"info","message":"LOGIN_SUCCESSFUL","timestamp":"2024-06-01T12:45:12.704Z"}
{"email":"Dxyz@gmail.com","level":"info","message":"LOGIN_FALIURE","reason":"USER_NOT_REGISTERED with id Dxyz@gmail.com","timestamp":"2024-06-01T12:57:55.208Z"}
{"level":"info","message":"LOGOUT_SUCCESSFUL Logout successful for xyz@gmail.com","timestamp":1717247079269}
{"email":"xyz@gmail.com","level":"info","message":"LOGIN_SUCCESSFUL","timestamp":"2024-06-01T14:22:12.313Z"}
{"email":"xyz@gmail.com","level":"info","message":"LOGIN_SUCCESSFUL","timestamp":"2024-06-01T18:15:05.688Z"}
{"email":"xyz@gmail.com","level":"info","message":"LOGIN_FAILURE","reason":"USER_NOT_REGISTERED with id xyz@gmail.com","timestamp":"2024-06-01T21:39:12.841Z"}
{"email":"xyz@gmail.com","level":"info","message":"LOGIN_FAILURE","reason":"USER_NOT_REGISTERED with id xyz@gmail.com","timestamp":"2024-06-01T21:39:47.132Z"}
{"email":"xyz@gmail.com","level":"info","message":"LOGIN_SUCCESSFUL","timestamp":"2024-06-01T21:40:38.329Z"}
{"level":"info","message":"LOGOUT_SUCCESSFUL","reason":"Logout successful for xyz@gmail.com","timestamp":"2024-06-01T21:41:08.726Z"}
{"level":"info","message":"LOGOUT_SUCCESSFUL","reason":"Logout successful for xyz@gmail.com","timestamp":"2024-06-01T21:41:52.332Z"}
{"level":"info","message":"LOGOUT_SUCCESSFUL","reason":"Logout successful for xyz@gmail.com","timestamp":"2024-06-01T21:43:54.234Z"}
{"level":"info","message":"LOGOUT_SUCCESSFUL","reason":"Logout successful for xyz@gmail.com","timestamp":"2024-06-01T21:44:24.039Z"}
{"level":"info","message":"LOGOUT_SUCCESSFUL","reason":"Logout successful for xyz@gmail.com","timestamp":"2024-06-01T21:46:45.142Z"}
{"level":"info","message":"LOGOUT_SUCCESSFUL","reason":"Logout successful for xyz@gmail.com","timestamp":"2024-06-01T21:48:08.895Z"}
{"email":"abc@gmail.com","level":"info","message":"LOGIN_FAILURE","reason":"USER_NOT_REGISTERED with id abc@gmail.com","timestamp":"2024-06-03T00:16:51.662Z"}
{"email":"abc@gmail.com","level":"info","message":"LOGIN_FAILURE","reason":"USER_NOT_REGISTERED with id abc@gmail.com","timestamp":"2024-06-03T00:16:58.554Z"}
{"email":"xyz@gmail.com","level":"info","message":"LOGIN_FAILURE","reason":"USER_NOT_REGISTERED with id xyz@gmail.com","timestamp":"2024-06-03T00:17:31.386Z"}
{"email":"xyz@gmail.com","level":"info","message":"LOGIN_FAILURE","reason":"USER_NOT_REGISTERED with id xyz@gmail.com","timestamp":"2024-06-03T00:17:33.806Z"}
{"email":"xyz@gmail.com","level":"info","message":"LOGIN_FAILURE","reason":"USER_NOT_REGISTERED with id xyz@gmail.com","timestamp":"2024-06-03T00:17:54.885Z"}
{"email":"abc@gmail.com","level":"info","message":"LOGIN_FAILURE","reason":"USER_NOT_REGISTERED with id abc@gmail.com","timestamp":"2024-06-03T00:18:01.866Z"}
{"email":"abc@gmail.com","level":"info","message":"LOGIN_FAILURE","reason":"USER_NOT_REGISTERED with id abc@gmail.com","timestamp":"2024-06-03T00:18:04.951Z"}
{"email":"abc@gmail.com","level":"info","message":"LOGIN_FAILURE","reason":"USER_NOT_REGISTERED with id abc@gmail.com","timestamp":"2024-06-03T00:18:07.966Z"}
{"email":"abc@gmail.com","level":"info","message":"LOGIN_FAILURE","reason":"USER_NOT_REGISTERED with id abc@gmail.com","timestamp":"2024-06-03T00:18:46.264Z"}
{"email":"abc@gmail.com","level":"info","message":"LOGIN_FAILURE","reason":"USER_NOT_REGISTERED with id abc@gmail.com","timestamp":"2024-06-03T00:18:47.713Z"}
{"email":"abc@gmail.com","level":"info","message":"LOGIN_FAILURE","reason":"USER_NOT_REGISTERED with id abc@gmail.com","timestamp":"2024-06-03T00:18:49.109Z"}
{"email":"xyz@gmail.com","level":"info","message":"LOGIN_FAILURE","reason":"USER_NOT_REGISTERED with id xyz@gmail.com","timestamp":"2024-06-03T00:18:54.359Z"}
{"email":"xyz@gmail.com","level":"info","message":"LOGIN_FAILURE","reason":"USER_NOT_REGISTERED with id xyz@gmail.com","timestamp":"2024-06-03T00:18:55.382Z"}
{"email":"xyz@gmail.com","level":"info","message":"LOGIN_FAILURE","reason":"USER_NOT_REGISTERED with id xyz@gmail.com","timestamp":"2024-06-03T00:18:56.150Z"}
{"email":"xyz@gmail.com","level":"info","message":"LOGIN_FAILURE","reason":"USER_NOT_REGISTERED with id xyz@gmail.com","timestamp":"2024-06-03T00:19:46.314Z"}
{"email":"abc@gmail.com","level":"info","message":"LOGIN_SUCCESSFUL","timestamp":"2024-06-03T00:19:52.271Z"}
{"email":"xxx@gmail.com","level":"info","message":"LOGIN_FAILURE","reason":"USER_NOT_REGISTERED with id xxx@gmail.com","timestamp":"2024-06-03T00:20:16.375Z"}
{"email":"xxx@gmail.com","level":"info","message":"LOGIN_FAILURE","reason":"USER_NOT_REGISTERED with id xxx@gmail.com","timestamp":"2024-06-03T00:21:59.145Z"}
{"email":"xxx@gmail.com","level":"info","message":"LOGIN_FAILURE","reason":"USER_NOT_REGISTERED with id xxx@gmail.com","timestamp":"2024-06-03T00:22:00.226Z"}
{"email":"abc@gmail.com","level":"info","message":"LOGIN_FAILURE","reason":"USER_NOT_REGISTERED with id abc@gmail.com","timestamp":"2024-06-03T00:22:04.818Z"}
{"email":"abc@gmail.com","level":"info","message":"LOGIN_FAILURE","reason":"USER_NOT_REGISTERED with id abc@gmail.com","timestamp":"2024-06-03T00:22:05.810Z"}
{"email":"abc@gmail.com","level":"info","message":"LOGIN_FAILURE","reason":"USER_NOT_REGISTERED with id abc@gmail.com","timestamp":"2024-06-03T00:22:39.429Z"}
{"email":"abc@gmail.com","level":"info","message":"LOGIN_FAILURE","reason":"USER_NOT_REGISTERED with id abc@gmail.com","timestamp":"2024-06-03T00:22:40.941Z"}
{"email":"123@gmail.com","level":"info","message":"LOGIN_FAILURE","reason":"USER_NOT_REGISTERED with id 123@gmail.com","timestamp":"2024-06-03T00:24:24.901Z"}
{"email":"raj@gmail.com","level":"info","message":"LOGIN_SUCCESSFUL","timestamp":"2024-06-03T00:24:45.099Z"}
{"email":"xyz@gmail.com","level":"info","message":"LOGIN_SUCCESSFUL","timestamp":"2024-06-04T16:51:47.923Z"}
{"email":"xyz@gmail.com","level":"info","message":"LOGIN_SUCCESSFUL","timestamp":"2024-06-04T16:52:39.591Z"}
{"email":"xyz@gmail.com","level":"info","message":"LOGIN_SUCCESSFUL","timestamp":"2024-06-04T16:56:07.369Z"}
